{"a76834ee6a05d0c6d3259edd44c80a29":{"statistic":{"failed":0,"broken":0,"skipped":0,"passed":2,"unknown":0,"total":2},"items":[{"uid":"7e02033d64e8e68","status":"passed","time":{"start":1765074013183,"stop":1765074014185,"duration":1002}},{"uid":"e28f7e0a11caa70","status":"passed","time":{"start":1765074013183,"stop":1765074014185,"duration":1002}}]},"785febdb9e8e4df490910a551d72a0d2":{"statistic":{"failed":2,"broken":0,"skipped":0,"passed":0,"unknown":0,"total":2},"items":[{"uid":"4c1626bf540eed94","status":"failed","statusDetails":"Failed: ScopeMismatch: You tried to access the function scoped fixture page with a session scoped request object, involved factories:\ntests\\conftest.py:57:  def setup(request, page)\n.venv\\Lib\\site-packages\\pytest_playwright\\pytest_playwright.py:310:  def page(context: playwright.sync_api._generated.BrowserContext) -> Generator[playwright.sync_api._generated.Page, NoneType, NoneType]","time":{"start":1765074016203,"stop":1765074016203,"duration":0}},{"uid":"dcc3cece8f5685c3","status":"failed","statusDetails":"Failed: ScopeMismatch: You tried to access the function scoped fixture page with a session scoped request object, involved factories:\ntests\\conftest.py:57:  def setup(request, page)\n.venv\\Lib\\site-packages\\pytest_playwright\\pytest_playwright.py:310:  def page(context: playwright.sync_api._generated.BrowserContext) -> Generator[playwright.sync_api._generated.Page, NoneType, NoneType]","time":{"start":1765074016203,"stop":1765074016203,"duration":0}}]},"02aaa0b437cc2d6472e24d8609993bc5":{"statistic":{"failed":2,"broken":0,"skipped":0,"passed":0,"unknown":0,"total":2},"items":[{"uid":"113d0bd7bf623759","status":"failed","statusDetails":"Failed: ScopeMismatch: You tried to access the function scoped fixture page with a session scoped request object, involved factories:\ntests\\conftest.py:57:  def setup(request, page)\n.venv\\Lib\\site-packages\\pytest_playwright\\pytest_playwright.py:310:  def page(context: playwright.sync_api._generated.BrowserContext) -> Generator[playwright.sync_api._generated.Page, NoneType, NoneType]","time":{"start":1765074016239,"stop":1765074016239,"duration":0}},{"uid":"1634ab6266a32c2","status":"failed","statusDetails":"Failed: ScopeMismatch: You tried to access the function scoped fixture page with a session scoped request object, involved factories:\ntests\\conftest.py:57:  def setup(request, page)\n.venv\\Lib\\site-packages\\pytest_playwright\\pytest_playwright.py:310:  def page(context: playwright.sync_api._generated.BrowserContext) -> Generator[playwright.sync_api._generated.Page, NoneType, NoneType]","time":{"start":1765074016239,"stop":1765074016239,"duration":0}}]},"06ea6fa7b42028ff856c0915e9a8e952":{"statistic":{"failed":2,"broken":0,"skipped":0,"passed":0,"unknown":0,"total":2},"items":[{"uid":"6371b20344545cff","status":"failed","statusDetails":"Failed: ScopeMismatch: You tried to access the function scoped fixture page with a session scoped request object, involved factories:\ntests\\conftest.py:57:  def setup(request, page)\n.venv\\Lib\\site-packages\\pytest_playwright\\pytest_playwright.py:310:  def page(context: playwright.sync_api._generated.BrowserContext) -> Generator[playwright.sync_api._generated.Page, NoneType, NoneType]","time":{"start":1765074016237,"stop":1765074016237,"duration":0}},{"uid":"421877f14af85be6","status":"failed","statusDetails":"Failed: ScopeMismatch: You tried to access the function scoped fixture page with a session scoped request object, involved factories:\ntests\\conftest.py:57:  def setup(request, page)\n.venv\\Lib\\site-packages\\pytest_playwright\\pytest_playwright.py:310:  def page(context: playwright.sync_api._generated.BrowserContext) -> Generator[playwright.sync_api._generated.Page, NoneType, NoneType]","time":{"start":1765074016237,"stop":1765074016237,"duration":0}}]},"80098e4976d2e59f95caff13290c7ac4":{"statistic":{"failed":2,"broken":0,"skipped":0,"passed":0,"unknown":0,"total":2},"items":[{"uid":"6e14baa17ca7b543","status":"failed","statusDetails":"Failed: ScopeMismatch: You tried to access the function scoped fixture page with a session scoped request object, involved factories:\ntests\\conftest.py:57:  def setup(request, page)\n.venv\\Lib\\site-packages\\pytest_playwright\\pytest_playwright.py:310:  def page(context: playwright.sync_api._generated.BrowserContext) -> Generator[playwright.sync_api._generated.Page, NoneType, NoneType]","time":{"start":1765074016250,"stop":1765074016250,"duration":0}},{"uid":"121736e80345dbff","status":"failed","statusDetails":"Failed: ScopeMismatch: You tried to access the function scoped fixture page with a session scoped request object, involved factories:\ntests\\conftest.py:57:  def setup(request, page)\n.venv\\Lib\\site-packages\\pytest_playwright\\pytest_playwright.py:310:  def page(context: playwright.sync_api._generated.BrowserContext) -> Generator[playwright.sync_api._generated.Page, NoneType, NoneType]","time":{"start":1765074016250,"stop":1765074016250,"duration":0}}]},"466f6ff2428060f160ae9418e9975e24":{"statistic":{"failed":2,"broken":0,"skipped":0,"passed":0,"unknown":0,"total":2},"items":[{"uid":"354fca05ed6798cb","status":"failed","statusDetails":"Failed: ScopeMismatch: You tried to access the function scoped fixture page with a session scoped request object, involved factories:\ntests\\conftest.py:57:  def setup(request, page)\n.venv\\Lib\\site-packages\\pytest_playwright\\pytest_playwright.py:310:  def page(context: playwright.sync_api._generated.BrowserContext) -> Generator[playwright.sync_api._generated.Page, NoneType, NoneType]","time":{"start":1765074016203,"stop":1765074016203,"duration":0}},{"uid":"c4cb3f83eaa32769","status":"failed","statusDetails":"Failed: ScopeMismatch: You tried to access the function scoped fixture page with a session scoped request object, involved factories:\ntests\\conftest.py:57:  def setup(request, page)\n.venv\\Lib\\site-packages\\pytest_playwright\\pytest_playwright.py:310:  def page(context: playwright.sync_api._generated.BrowserContext) -> Generator[playwright.sync_api._generated.Page, NoneType, NoneType]","time":{"start":1765074016203,"stop":1765074016203,"duration":0}}]},"890ef3c3d637b9b2a127aaa8d5e4cc2d":{"statistic":{"failed":0,"broken":0,"skipped":0,"passed":2,"unknown":0,"total":2},"items":[{"uid":"6e9756b3e516ca1b","status":"passed","time":{"start":1765074014201,"stop":1765074014849,"duration":648}},{"uid":"44c84f5a3e77f8b8","status":"passed","time":{"start":1765074014201,"stop":1765074014849,"duration":648}}]},"ddea1ccedbcb534d8e7f0d5355386104":{"statistic":{"failed":2,"broken":0,"skipped":0,"passed":0,"unknown":0,"total":2},"items":[{"uid":"9f389d03dff9b340","status":"failed","statusDetails":"Failed: ScopeMismatch: You tried to access the function scoped fixture page with a session scoped request object, involved factories:\ntests\\conftest.py:57:  def setup(request, page)\n.venv\\Lib\\site-packages\\pytest_playwright\\pytest_playwright.py:310:  def page(context: playwright.sync_api._generated.BrowserContext) -> Generator[playwright.sync_api._generated.Page, NoneType, NoneType]","time":{"start":1765074016266,"stop":1765074016266,"duration":0}},{"uid":"1af0b203effb498d","status":"failed","statusDetails":"Failed: ScopeMismatch: You tried to access the function scoped fixture page with a session scoped request object, involved factories:\ntests\\conftest.py:57:  def setup(request, page)\n.venv\\Lib\\site-packages\\pytest_playwright\\pytest_playwright.py:310:  def page(context: playwright.sync_api._generated.BrowserContext) -> Generator[playwright.sync_api._generated.Page, NoneType, NoneType]","time":{"start":1765074016266,"stop":1765074016266,"duration":0}}]},"eba3bde68f09f266eb4adeb60b7d097f":{"statistic":{"failed":2,"broken":0,"skipped":0,"passed":0,"unknown":0,"total":2},"items":[{"uid":"9eea2401a724b375","status":"failed","statusDetails":"Failed: ScopeMismatch: You tried to access the function scoped fixture page with a session scoped request object, involved factories:\ntests\\conftest.py:57:  def setup(request, page)\n.venv\\Lib\\site-packages\\pytest_playwright\\pytest_playwright.py:310:  def page(context: playwright.sync_api._generated.BrowserContext) -> Generator[playwright.sync_api._generated.Page, NoneType, NoneType]","time":{"start":1765074016221,"stop":1765074016221,"duration":0}},{"uid":"3d9c4391eb3e5067","status":"failed","statusDetails":"Failed: ScopeMismatch: You tried to access the function scoped fixture page with a session scoped request object, involved factories:\ntests\\conftest.py:57:  def setup(request, page)\n.venv\\Lib\\site-packages\\pytest_playwright\\pytest_playwright.py:310:  def page(context: playwright.sync_api._generated.BrowserContext) -> Generator[playwright.sync_api._generated.Page, NoneType, NoneType]","time":{"start":1765074016221,"stop":1765074016221,"duration":0}}]},"cbcf76c5db56f0e6c90ea68377b9eaa4":{"statistic":{"failed":2,"broken":0,"skipped":0,"passed":0,"unknown":0,"total":2},"items":[{"uid":"5dfd6e7aa21da962","status":"failed","statusDetails":"AssertionError: Expected 200, got 405","time":{"start":1765074015441,"stop":1765074016076,"duration":635}},{"uid":"112c462540440fe9","status":"failed","statusDetails":"AssertionError: Expected 200, got 405","time":{"start":1765074015441,"stop":1765074016076,"duration":635}}]},"ffa7d495f627e30fe0706a69b4749789":{"statistic":{"failed":2,"broken":0,"skipped":0,"passed":0,"unknown":0,"total":2},"items":[{"uid":"cbbfd0782640cf60","status":"failed","statusDetails":"Failed: ScopeMismatch: You tried to access the function scoped fixture page with a session scoped request object, involved factories:\ntests\\conftest.py:57:  def setup(request, page)\n.venv\\Lib\\site-packages\\pytest_playwright\\pytest_playwright.py:310:  def page(context: playwright.sync_api._generated.BrowserContext) -> Generator[playwright.sync_api._generated.Page, NoneType, NoneType]","time":{"start":1765074016266,"stop":1765074016266,"duration":0}},{"uid":"4a608e2cce681bdf","status":"failed","statusDetails":"Failed: ScopeMismatch: You tried to access the function scoped fixture page with a session scoped request object, involved factories:\ntests\\conftest.py:57:  def setup(request, page)\n.venv\\Lib\\site-packages\\pytest_playwright\\pytest_playwright.py:310:  def page(context: playwright.sync_api._generated.BrowserContext) -> Generator[playwright.sync_api._generated.Page, NoneType, NoneType]","time":{"start":1765074016266,"stop":1765074016266,"duration":0}}]},"41aa2ded9baa0467eadb0c17292d3287":{"statistic":{"failed":0,"broken":0,"skipped":0,"passed":2,"unknown":0,"total":2},"items":[{"uid":"66480e307d2ce46d","status":"passed","time":{"start":1765074012449,"stop":1765074013183,"duration":734}},{"uid":"6ab419b4191fd9da","status":"passed","time":{"start":1765074012449,"stop":1765074013183,"duration":734}}]},"2928a4b2a26b7f1623029bbe245d20f2":{"statistic":{"failed":0,"broken":0,"skipped":0,"passed":2,"unknown":0,"total":2},"items":[{"uid":"435ff08db9c758bd","status":"passed","time":{"start":1765074014849,"stop":1765074015441,"duration":592}},{"uid":"669885c259ff4017","status":"passed","time":{"start":1765074014849,"stop":1765074015441,"duration":592}}]}}